<?xml version="1.0" encoding="UTF-8"?>
<!-- Generated by org.testng.reporters.JUnitXMLReporter -->
<testsuite ignored="0" hostname="DESKTOP-IT0AO57" failures="1" tests="6" name="Spicejet testcases" time="141.72" errors="0" timestamp="2024-12-24T17:23:35 IST">
  <testcase classname="Spicejet.Spicejet.BrowsersetupTest" name="testSpicejetLaunch" time="6.916"/>
  <testcase classname="Spicejet.Spicejet.LoginTest" name="testLogin" time="12.243"/>
  <testcase classname="Spicejet.Spicejet.ValidateFieldsTest" name="validateTabs" time="4.945"/>
  <testcase classname="Spicejet.Spicejet.FlightSearchPageTest" name="searchOneWayFlight" time="12.42"/>
  <testcase classname="Spicejet.Spicejet.FlightSearchPageTest" name="searchRoundTripFlight" time="21.099"/>
  <testcase classname="Spicejet.Spicejet.BookingPageTest" name="enterBookingDetails" time="83.678">
    <failure type="java.lang.AssertionError" message="Booking not successful expected [true] but found [false]">
      <![CDATA[java.lang.AssertionError: Booking not successful expected [true] but found [false]
at Spicejet.Spicejet.BookingPageTest.enterBookingDetails(BookingPageTest.java:46)
at java.base/java.util.ArrayList.forEach(ArrayList.java:1511)
... Removed 30 stack frames]]>
    </failure>
  </testcase> <!-- enterBookingDetails -->
</testsuite> <!-- Spicejet testcases -->
